{"D:\\учеба\\основы джава\\ajs\\ajs-dz-4b\\src\\sorting.js": {"path":"D:\\учеба\\основы джава\\ajs\\ajs-dz-4b\\src\\sorting.js","statementMap":{"0":{"start":{"line":2,"column":2},"end":{"line":2,"column":49}},"1":{"start":{"line":2,"column":28},"end":{"line":2,"column":47}}},"fnMap":{"0":{"name":"sortFunc","decl":{"start":{"line":1,"column":24},"end":{"line":1,"column":32}},"loc":{"start":{"line":1,"column":38},"end":{"line":3,"column":1}},"line":1},"1":{"name":"(anonymous_1)","decl":{"start":{"line":2,"column":18},"end":{"line":2,"column":19}},"loc":{"start":{"line":2,"column":28},"end":{"line":2,"column":47}},"line":2}},"branchMap":{},"s":{"0":1,"1":4},"f":{"0":1,"1":4},"b":{},"_coverageSchema":"1a1c01bbd47fc00a2c39e90264f33305004495a9","hash":"163c9f78c6a1a7b7cc5d355d07becf1ae86835d5"}
}
